Release 14.7 - xst P.20131013 (nt64)
Copyright (c) 1995-2013 Xilinx, Inc.  All rights reserved.
--> Parameter TMPDIR set to xst/projnav.tmp


Total REAL time to Xst completion: 0.00 secs
Total CPU time to Xst completion: 0.05 secs
 
--> Parameter xsthdpdir set to xst


Total REAL time to Xst completion: 0.00 secs
Total CPU time to Xst completion: 0.05 secs
 
--> Reading design: SPI_SDIO.prj

TABLE OF CONTENTS
  1) Synthesis Options Summary
  2) HDL Parsing
  3) HDL Elaboration
  4) HDL Synthesis
       4.1) HDL Synthesis Report
  5) Advanced HDL Synthesis
       5.1) Advanced HDL Synthesis Report
  6) Low Level Synthesis
  7) Partition Report
  8) Design Summary
       8.1) Primitive and Black Box Usage
       8.2) Device utilization summary
       8.3) Partition Resource Summary
       8.4) Timing Report
            8.4.1) Clock Information
            8.4.2) Asynchronous Control Signals Information
            8.4.3) Timing Summary
            8.4.4) Timing Details
            8.4.5) Cross Clock Domains Report


=========================================================================
*                      Synthesis Options Summary                        *
=========================================================================
---- Source Parameters
Input File Name                    : "SPI_SDIO.prj"
Ignore Synthesis Constraint File   : NO

---- Target Parameters
Output File Name                   : "SPI_SDIO"
Output Format                      : NGC
Target Device                      : xc7a100t-3-csg324

---- Source Options
Top Module Name                    : SPI_SDIO
Automatic FSM Extraction           : YES
FSM Encoding Algorithm             : Auto
Safe Implementation                : No
FSM Style                          : LUT
RAM Extraction                     : Yes
RAM Style                          : Auto
ROM Extraction                     : Yes
Shift Register Extraction          : YES
ROM Style                          : Auto
Resource Sharing                   : YES
Asynchronous To Synchronous        : NO
Shift Register Minimum Size        : 2
Use DSP Block                      : Auto
Automatic Register Balancing       : No

---- Target Options
LUT Combining                      : Auto
Reduce Control Sets                : Auto
Add IO Buffers                     : YES
Global Maximum Fanout              : 100000
Add Generic Clock Buffer(BUFG)     : 32
Register Duplication               : YES
Optimize Instantiated Primitives   : NO
Use Clock Enable                   : Auto
Use Synchronous Set                : Auto
Use Synchronous Reset              : Auto
Pack IO Registers into IOBs        : Auto
Equivalent register Removal        : YES

---- General Options
Optimization Goal                  : Speed
Optimization Effort                : 1
Power Reduction                    : NO
Keep Hierarchy                     : No
Netlist Hierarchy                  : As_Optimized
RTL Output                         : Yes
Global Optimization                : AllClockNets
Read Cores                         : YES
Write Timing Constraints           : NO
Cross Clock Analysis               : NO
Hierarchy Separator                : /
Bus Delimiter                      : <>
Case Specifier                     : Maintain
Slice Utilization Ratio            : 100
BRAM Utilization Ratio             : 100
DSP48 Utilization Ratio            : 100
Auto BRAM Packing                  : NO
Slice Utilization Ratio Delta      : 5

=========================================================================


=========================================================================
*                          HDL Parsing                                  *
=========================================================================
Parsing VHDL file "C:\Users\Javad\Desktop\VHDL_Project_401611175\SPI_SDIO\SPI_SDIO.vhd" into library work
Parsing entity <SPI_SDIO>.
Parsing architecture <Behavioral> of entity <spi_sdio>.

=========================================================================
*                            HDL Elaboration                            *
=========================================================================

Elaborating entity <SPI_SDIO> (architecture <Behavioral>) from library <work>.
WARNING:HDLCompiler:1127 - "C:\Users\Javad\Desktop\VHDL_Project_401611175\SPI_SDIO\SPI_SDIO.vhd" Line 53: Assignment to rx_data ignored, since the identifier is never used

=========================================================================
*                           HDL Synthesis                               *
=========================================================================

Synthesizing Unit <SPI_SDIO>.
    Related source file is "C:\Users\Javad\Desktop\VHDL_Project_401611175\SPI_SDIO\SPI_SDIO.vhd".
WARNING:Xst:647 - Input <SCLK> is never used. This port will be preserved and left unconnected if it belongs to a top-level block or it belongs to a sub-block and the hierarchy of this sub-block is preserved.
    Found 16-bit register for signal <INST_Byte>.
    Found 1-bit register for signal <Start_INT>.
    Found 1-bit register for signal <RW_CTL_INT>.
    Found 1-bit register for signal <State[2]_CLK_SYS_DFF_27_q>.
    Found 4-bit register for signal <Bit_CNT>.
    Found 3-bit register for signal <State>.
    Found 1-bit register for signal <CS_n_INT>.
    Found 1-bit register for signal <State[2]_CLK_SYS_DFF_36>.
    Found 8-bit register for signal <Data_In_INT>.
    Found finite state machine <FSM_0> for signal <State>.
    -----------------------------------------------------------------------
    | States             | 6                                              |
    | Transitions        | 11                                             |
    | Inputs             | 3                                              |
    | Outputs            | 5                                              |
    | Clock              | CLK_SYS (rising_edge)                          |
    | Power Up State     | idle                                           |
    | Encoding           | auto                                           |
    | Implementation     | LUT                                            |
    -----------------------------------------------------------------------
    Found 4-bit subtractor for signal <GND_4_o_GND_4_o_sub_19_OUT<3:0>> created at line 1308.
    Found 1-bit 16-to-1 multiplexer for signal <Bit_CNT[3]_INST_Byte[15]_Mux_1_o> created at line 90.
    Found 1-bit 8-to-1 multiplexer for signal <Bit_CNT[2]_Data_In_INT[7]_Mux_9_o> created at line 127.
    Found 1-bit tristate buffer for signal <SDIO> created at line 50
    Found 1-bit tristate buffer for signal <Tx> created at line 53
    Summary:
	inferred   1 Adder/Subtractor(s).
	inferred  33 D-type flip-flop(s).
	inferred   9 Multiplexer(s).
	inferred   2 Tristate(s).
	inferred   1 Finite State Machine(s).
Unit <SPI_SDIO> synthesized.

=========================================================================
HDL Synthesis Report

Macro Statistics
# Adders/Subtractors                                   : 1
 4-bit subtractor                                      : 1
# Registers                                            : 8
 1-bit register                                        : 5
 16-bit register                                       : 1
 4-bit register                                        : 1
 8-bit register                                        : 1
# Multiplexers                                         : 9
 1-bit 16-to-1 multiplexer                             : 1
 1-bit 2-to-1 multiplexer                              : 1
 1-bit 8-to-1 multiplexer                              : 1
 4-bit 2-to-1 multiplexer                              : 6
# Tristates                                            : 2
 1-bit tristate buffer                                 : 2
# FSMs                                                 : 1

=========================================================================

=========================================================================
*                       Advanced HDL Synthesis                          *
=========================================================================


=========================================================================
Advanced HDL Synthesis Report

Macro Statistics
# Adders/Subtractors                                   : 1
 4-bit subtractor                                      : 1
# Registers                                            : 33
 Flip-Flops                                            : 33
# Multiplexers                                         : 9
 1-bit 16-to-1 multiplexer                             : 1
 1-bit 2-to-1 multiplexer                              : 1
 1-bit 8-to-1 multiplexer                              : 1
 4-bit 2-to-1 multiplexer                              : 6
# FSMs                                                 : 1

=========================================================================

=========================================================================
*                         Low Level Synthesis                           *
=========================================================================
Analyzing FSM <MFsm> for best encoding.
Optimizing FSM <FSM_0> on signal <State[1:3]> with user encoding.
-------------------------------
 State             | Encoding
-------------------------------
 idle              | 000
 instruction       | 001
 write_s           | 010
 read_s            | 011
 delay_instruction | 100
 delay_read        | 101
-------------------------------
WARNING:Xst:2041 - Unit SPI_SDIO: 1 internal tristate is replaced by logic (pull-up yes): Tx.

Optimizing unit <SPI_SDIO> ...

Mapping all equations...
Building and optimizing final netlist ...
Found area constraint ratio of 100 (+ 5) on block SPI_SDIO, actual ratio is 0.

Final Macro Processing ...

=========================================================================
Final Register Report

Macro Statistics
# Registers                                            : 36
 Flip-Flops                                            : 36

=========================================================================

=========================================================================
*                           Partition Report                            *
=========================================================================

Partition Implementation Status
-------------------------------

  No Partitions were found in this design.

-------------------------------

=========================================================================
*                            Design Summary                             *
=========================================================================

Top Level Output File Name         : SPI_SDIO.ngc

Primitive and Black Box Usage:
------------------------------
# BELS                             : 25
#      LUT2                        : 2
#      LUT3                        : 4
#      LUT4                        : 3
#      LUT5                        : 1
#      LUT6                        : 12
#      MUXF7                       : 3
# FlipFlops/Latches                : 36
#      FD                          : 36
# Clock Buffers                    : 1
#      BUFGP                       : 1
# IO Buffers                       : 28
#      IBUF                        : 25
#      OBUF                        : 2
#      OBUFT                       : 1

Device utilization summary:
---------------------------

Selected Device : 7a100tcsg324-3 


Slice Logic Utilization: 
 Number of Slice Registers:              36  out of  126800     0%  
 Number of Slice LUTs:                   22  out of  63400     0%  
    Number used as Logic:                22  out of  63400     0%  

Slice Logic Distribution: 
 Number of LUT Flip Flop pairs used:     44
   Number with an unused Flip Flop:       8  out of     44    18%  
   Number with an unused LUT:            22  out of     44    50%  
   Number of fully used LUT-FF pairs:    14  out of     44    31%  
   Number of unique control sets:         1

IO Utilization: 
 Number of IOs:                          30
 Number of bonded IOBs:                  29  out of    210    13%  

Specific Feature Utilization:
 Number of BUFG/BUFGCTRLs:                1  out of     32     3%  

---------------------------
Partition Resource Summary:
---------------------------

  No Partitions were found in this design.

---------------------------


=========================================================================
Timing Report

NOTE: THESE TIMING NUMBERS ARE ONLY A SYNTHESIS ESTIMATE.
      FOR ACCURATE TIMING INFORMATION PLEASE REFER TO THE TRACE REPORT
      GENERATED AFTER PLACE-and-ROUTE.

Clock Information:
------------------
-----------------------------------+------------------------+-------+
Clock Signal                       | Clock buffer(FF name)  | Load  |
-----------------------------------+------------------------+-------+
CLK_SYS                            | BUFGP                  | 36    |
-----------------------------------+------------------------+-------+

Asynchronous Control Signals Information:
----------------------------------------
No asynchronous control signals found in this design

Timing Summary:
---------------
Speed Grade: -3

   Minimum period: 2.047ns (Maximum Frequency: 488.615MHz)
   Minimum input arrival time before clock: 0.288ns
   Maximum output required time after clock: 1.117ns
   Maximum combinational path delay: No path found

Timing Details:
---------------
All values displayed in nanoseconds (ns)

=========================================================================
Timing constraint: Default period analysis for Clock 'CLK_SYS'
  Clock period: 2.047ns (frequency: 488.615MHz)
  Total number of paths / destination ports: 99 / 11
-------------------------------------------------------------------------
Delay:               2.047ns (Levels of Logic = 3)
  Source:            Data_In_INT_4 (FF)
  Destination:       Tx (FF)
  Source Clock:      CLK_SYS rising
  Destination Clock: CLK_SYS rising

  Data Path: Data_In_INT_4 to Tx
                                Gate     Net
    Cell:in->out      fanout   Delay   Delay  Logical Name (Net Name)
    ----------------------------------------  ------------
     FD:C->Q               1   0.361   0.693  Data_In_INT_4 (Data_In_INT_4)
     LUT6:I0->O            1   0.097   0.000  Mmux_Bit_CNT[2]_Data_In_INT[7]_Mux_9_o_3 (Mmux_Bit_CNT[2]_Data_In_INT[7]_Mux_9_o_3)
     MUXF7:I1->O           1   0.279   0.511  Mmux_Bit_CNT[2]_Data_In_INT[7]_Mux_9_o_2_f7 (Bit_CNT[2]_Data_In_INT[7]_Mux_9_o)
     LUT6:I3->O            1   0.097   0.000  Mmux_State[2]_Z_4_o_Mux_32_o11 (State[2]_Z_4_o_Mux_32_o)
     FD:D                      0.008          Tx
    ----------------------------------------
    Total                      2.047ns (0.842ns logic, 1.205ns route)
                                       (41.1% logic, 58.9% route)

=========================================================================
Timing constraint: Default OFFSET IN BEFORE for Clock 'CLK_SYS'
  Total number of paths / destination ports: 25 / 25
-------------------------------------------------------------------------
Offset:              0.288ns (Levels of Logic = 1)
  Source:            Data_In<8> (PAD)
  Destination:       INST_Byte_0 (FF)
  Destination Clock: CLK_SYS rising

  Data Path: Data_In<8> to INST_Byte_0
                                Gate     Net
    Cell:in->out      fanout   Delay   Delay  Logical Name (Net Name)
    ----------------------------------------  ------------
     IBUF:I->O             1   0.001   0.279  Data_In_8_IBUF (Data_In_8_IBUF)
     FD:D                      0.008          INST_Byte_0
    ----------------------------------------
    Total                      0.288ns (0.009ns logic, 0.279ns route)
                                       (3.1% logic, 96.9% route)

=========================================================================
Timing constraint: Default OFFSET OUT AFTER for Clock 'CLK_SYS'
  Total number of paths / destination ports: 5 / 3
-------------------------------------------------------------------------
Offset:              1.117ns (Levels of Logic = 2)
  Source:            State[2]_CLK_SYS_DFF_36 (FF)
  Destination:       SDIO (PAD)
  Source Clock:      CLK_SYS rising

  Data Path: State[2]_CLK_SYS_DFF_36 to SDIO
                                Gate     Net
    Cell:in->out      fanout   Delay   Delay  Logical Name (Net Name)
    ----------------------------------------  ------------
     FD:C->Q               1   0.361   0.379  State[2]_CLK_SYS_DFF_36 (State[2]_CLK_SYS_DFF_36)
     LUT2:I0->O            1   0.097   0.279  TxLogicTrst1 (Tx)
     OBUFT:I->O                0.000          SDIO_OBUFT (SDIO)
    ----------------------------------------
    Total                      1.117ns (0.458ns logic, 0.659ns route)
                                       (41.0% logic, 59.0% route)

=========================================================================

Cross Clock Domains Report:
--------------------------

Clock to Setup on destination clock CLK_SYS
---------------+---------+---------+---------+---------+
               | Src:Rise| Src:Fall| Src:Rise| Src:Fall|
Source Clock   |Dest:Rise|Dest:Rise|Dest:Fall|Dest:Fall|
---------------+---------+---------+---------+---------+
CLK_SYS        |    2.047|         |         |         |
---------------+---------+---------+---------+---------+

=========================================================================


Total REAL time to Xst completion: 5.00 secs
Total CPU time to Xst completion: 5.03 secs
 
--> 

Total memory usage is 4620308 kilobytes

Number of errors   :    0 (   0 filtered)
Number of warnings :    3 (   0 filtered)
Number of infos    :    0 (   0 filtered)

